<?xml version="1.0" encoding="UTF-8"?>
<!-- Generated by org.testng.reporters.JUnitXMLReporter -->
<testsuite ignored="0" hostname="COL-ML150407" failures="0" tests="3" name="Default test" time="2.797" errors="0" timestamp="2022-05-09T16:19:27 COT">
  <testcase classname="com.restassured.test.PutPatchDeleteExmple" name="testDelete" time="1.815"/>
  <testcase classname="com.restassured.test.PutPatchDeleteExmple" name="testPatch" time="0.501"/>
  <testcase classname="com.restassured.test.PutPatchDeleteExmple" name="testPut" time="0.449"/>
</testsuite> <!-- Default test -->
