<?xml version="1.0" encoding="UTF-8"?>
<testng-results ignored="0" total="3" passed="3" failed="0" skipped="0">
  <reporter-output>
  </reporter-output>
  <suite started-at="2022-05-09T16:19:24 COT" name="Default suite" finished-at="2022-05-09T16:19:27 COT" duration-ms="2797">
    <groups>
    </groups>
    <test started-at="2022-05-09T16:19:24 COT" name="Default test" finished-at="2022-05-09T16:19:27 COT" duration-ms="2797">
      <class name="com.restassured.test.PutPatchDeleteExmple">
        <test-method signature="testDelete()[pri:0, instance:com.restassured.test.PutPatchDeleteExmple@51dcb805]" started-at="2022-05-09T16:19:24 COT" name="testDelete" finished-at="2022-05-09T16:19:26 COT" duration-ms="1815" status="PASS">
          <reporter-output>
          </reporter-output>
        </test-method> <!-- testDelete -->
        <test-method signature="testPatch()[pri:0, instance:com.restassured.test.PutPatchDeleteExmple@51dcb805]" started-at="2022-05-09T16:19:26 COT" name="testPatch" finished-at="2022-05-09T16:19:26 COT" duration-ms="501" status="PASS">
          <reporter-output>
          </reporter-output>
        </test-method> <!-- testPatch -->
        <test-method signature="testPut()[pri:0, instance:com.restassured.test.PutPatchDeleteExmple@51dcb805]" started-at="2022-05-09T16:19:26 COT" name="testPut" finished-at="2022-05-09T16:19:27 COT" duration-ms="449" status="PASS">
          <reporter-output>
          </reporter-output>
        </test-method> <!-- testPut -->
      </class> <!-- com.restassured.test.PutPatchDeleteExmple -->
    </test> <!-- Default test -->
  </suite> <!-- Default suite -->
</testng-results>
